<?xml version="1.0" encoding="UTF-8"?>
<!-- Generated by org.testng.reporters.JUnitReportReporter -->
<testsuite hostname="Syeda_Nasrin" failures="0" tests="1" name="com.salesforce.TestCase5" time="6.661" errors="0" timestamp="2024-06-01T23:23:32 EDT" skipped="0">
  <testcase classname="com.salesforce.TestCase5" name="tc_3" time="6.661"/>
  <system-out/>
</testsuite> <!-- com.salesforce.TestCase5 -->
