<?xml version="1.0" encoding="UTF-8"?>
<!-- Generated by org.testng.reporters.JUnitReportReporter -->
<testsuite hostname="Syeda_Nasrin" failures="0" tests="1" name="com.salesforce.TestCase4B" time="3.258" errors="0" timestamp="2024-06-01T21:50:34 EDT" skipped="0">
  <testcase classname="com.salesforce.TestCase4B" name="tc_4A" time="3.258"/>
  <system-out/>
</testsuite> <!-- com.salesforce.TestCase4B -->
