<?xml version="1.0" encoding="UTF-8"?>
<!-- Generated by org.testng.reporters.JUnitReportReporter -->
<testsuite hostname="Syeda_Nasrin" failures="0" tests="1" name="com.salesforce.TestCase1" time="3.118" errors="0" timestamp="2024-05-30T00:06:15 EDT" skipped="0">
  <testcase classname="com.salesforce.TestCase1" name="tc_1" time="3.118"/>
  <system-out/>
</testsuite> <!-- com.salesforce.TestCase1 -->
