<?xml version="1.0" encoding="UTF-8"?>
<!-- Generated by org.testng.reporters.JUnitReportReporter -->
<testsuite hostname="Syeda_Nasrin" failures="0" tests="1" name="com.salesforce.TestCase3" time="6.551" errors="0" timestamp="2024-05-30T22:14:26 EDT" skipped="0">
  <testcase classname="com.salesforce.TestCase3" name="tc_3" time="6.551"/>
  <system-out/>
</testsuite> <!-- com.salesforce.TestCase3 -->
