<?xml version="1.0" encoding="UTF-8"?>
<!-- Generated by org.testng.reporters.JUnitReportReporter -->
<testsuite hostname="Syeda_Nasrin" failures="0" tests="1" name="com.salesforce.TestCase2" time="6.088" errors="0" timestamp="2024-05-30T21:43:42 EDT" skipped="0">
  <testcase classname="com.salesforce.TestCase2" name="tc_2" time="6.088"/>
  <system-out/>
</testsuite> <!-- com.salesforce.TestCase2 -->
