<?xml version="1.0" encoding="UTF-8"?>
<!-- Generated by org.testng.reporters.JUnitReportReporter -->
<testsuite hostname="Syeda_Nasrin" failures="0" tests="1" name="com.salesforce.TestCase4" time="3.118" errors="0" timestamp="2024-05-30T22:49:44 EDT" skipped="0">
  <testcase classname="com.salesforce.TestCase4" name="tc_4A" time="3.118"/>
  <system-out/>
</testsuite> <!-- com.salesforce.TestCase4 -->
